Unity Editor version:    2021.3.10f1 (1c7d0df0160b)
Branch:                  2021.3/staging
Build type:              Release
Batch mode:              YES
macOS version:           Version 11.6.5 (Build 20G527)
Darwin version:          20.6.0
Architecture:            x86_64
Running under Rosetta:   NO
Available memory:        16384 MB
Using pre-set license
Pro License: YES

COMMAND LINE ARGUMENTS:
/Applications/Unity/Hub/Editor/2021.3.10f1/Unity.app/Contents/MacOS/Unity
-adb2
-batchMode
-noUpm
-name
AssetImportWorker1
-projectPath
/Users/user/2d-platformer
-logFile
Logs/AssetImportWorker1.log
-srvPort
50875
Successfully changed project path to: /Users/user/2d-platformer
/Users/user/2d-platformer
[UnityMemory] Configuration Parameters - Can be set up in boot.config
    "memorysetup-bucket-allocator-granularity=16"
    "memorysetup-bucket-allocator-bucket-count=8"
    "memorysetup-bucket-allocator-block-size=33554432"
    "memorysetup-bucket-allocator-block-count=8"
    "memorysetup-main-allocator-block-size=16777216"
    "memorysetup-thread-allocator-block-size=16777216"
    "memorysetup-gfx-main-allocator-block-size=16777216"
    "memorysetup-gfx-thread-allocator-block-size=16777216"
    "memorysetup-cache-allocator-block-size=4194304"
    "memorysetup-typetree-allocator-block-size=2097152"
    "memorysetup-profiler-bucket-allocator-granularity=16"
    "memorysetup-profiler-bucket-allocator-bucket-count=8"
    "memorysetup-profiler-bucket-allocator-block-size=33554432"
    "memorysetup-profiler-bucket-allocator-block-count=8"
    "memorysetup-profiler-allocator-block-size=16777216"
    "memorysetup-profiler-editor-allocator-block-size=1048576"
    "memorysetup-temp-allocator-size-main=16777216"
    "memorysetup-job-temp-allocator-block-size=2097152"
    "memorysetup-job-temp-allocator-block-size-background=1048576"
    "memorysetup-job-temp-allocator-reduction-small-platforms=262144"
    "memorysetup-temp-allocator-size-background-worker=32768"
    "memorysetup-temp-allocator-size-job-worker=262144"
    "memorysetup-temp-allocator-size-preload-manager=33554432"
    "memorysetup-temp-allocator-size-nav-mesh-worker=65536"
    "memorysetup-temp-allocator-size-audio-worker=65536"
    "memorysetup-temp-allocator-size-cloud-worker=32768"
    "memorysetup-temp-allocator-size-gi-baking-worker=262144"
    "memorysetup-temp-allocator-size-gfx=262144"
Refreshing native plugins compatible for Editor in 70.54 ms, found 2 plugins.
Preloading 0 native plugins for Editor in 0.00 ms.
Initialize engine version: 2021.3.10f1 (1c7d0df0160b)
[Subsystems] Discovering subsystems at path /Applications/Unity/Hub/Editor/2021.3.10f1/Unity.app/Contents/Resources/UnitySubsystems
[Subsystems] Discovering subsystems at path /Users/user/2d-platformer/Assets
GfxDevice: creating device client; threaded=0; jobified=0
Color LCD preferred device: Intel(R) UHD Graphics 630 (low power)
Metal devices available: 2
0: AMD Radeon Pro 5300M (high power)
1: Intel(R) UHD Graphics 630 (low power)
Using device AMD Radeon Pro 5300M (high power)
Initializing Metal device caps: AMD Radeon Pro 5300M
Initialize mono
Mono path[0] = '/Applications/Unity/Hub/Editor/2021.3.10f1/Unity.app/Contents/Managed'
Mono path[1] = '/Applications/Unity/Hub/Editor/2021.3.10f1/Unity.app/Contents/MonoBleedingEdge/lib/mono/unityjit-macos'
Mono config path = '/Applications/Unity/Hub/Editor/2021.3.10f1/Unity.app/Contents/MonoBleedingEdge/etc'
Using monoOptions --debugger-agent=transport=dt_socket,embedding=1,server=y,suspend=n,address=127.0.0.1:56537
Begin MonoManager ReloadAssembly
Registering precompiled unity dll's ...
Register platform support module: /Applications/Unity/Hub/Editor/2021.3.10f1/PlaybackEngines/WebGLSupport/UnityEditor.WebGL.Extensions.dll
Register platform support module: /Applications/Unity/Hub/Editor/2021.3.10f1/Unity.app/Contents/PlaybackEngines/MacStandaloneSupport/UnityEditor.OSXStandalone.Extensions.dll
Registered in 0.004752 seconds.
Native extension for OSXStandalone target not found
Native extension for WebGL target not found
Refreshing native plugins compatible for Editor in 42.03 ms, found 2 plugins.
Preloading 0 native plugins for Editor in 0.00 ms.
Mono: successfully reloaded assembly
- Completed reload, in  0.757 seconds
Domain Reload Profiling:
	ReloadAssembly (758ms)
		BeginReloadAssembly (130ms)
			ExecutionOrderSort (0ms)
			DisableScriptedObjects (0ms)
			BackupInstance (0ms)
			ReleaseScriptingObjects (0ms)
			CreateAndSetChildDomain (1ms)
		EndReloadAssembly (489ms)
			LoadAssemblies (132ms)
			RebuildTransferFunctionScriptingTraits (0ms)
			SetupTypeCache (137ms)
			ReleaseScriptCaches (0ms)
			RebuildScriptCaches (35ms)
			SetupLoadedEditorAssemblies (262ms)
				LogAssemblyErrors (0ms)
				InitializePlatformSupportModulesInManaged (8ms)
				SetLoadedEditorAssemblies (0ms)
				RefreshPlugins (42ms)
				BeforeProcessingInitializeOnLoad (1ms)
				ProcessInitializeOnLoadAttributes (161ms)
				ProcessInitializeOnLoadMethodAttributes (49ms)
				AfterProcessingInitializeOnLoad (0ms)
				EditorAssembliesLoaded (0ms)
			ExecutionOrderSort2 (0ms)
			AwakeInstancesAfterBackupRestoration (0ms)
Platform modules already initialized, skipping
Registering precompiled user dll's ...
Registered in 0.024297 seconds.
Begin MonoManager ReloadAssembly
Native extension for OSXStandalone target not found
Native extension for WebGL target not found
Refreshing native plugins compatible for Editor in 0.72 ms, found 2 plugins.
Preloading 0 native plugins for Editor in 0.00 ms.
Package Manager log level set to [2]
Mono: successfully reloaded assembly
- Completed reload, in  1.246 seconds
Domain Reload Profiling:
	ReloadAssembly (1247ms)
		BeginReloadAssembly (116ms)
			ExecutionOrderSort (0ms)
			DisableScriptedObjects (7ms)
			BackupInstance (0ms)
			ReleaseScriptingObjects (0ms)
			CreateAndSetChildDomain (30ms)
		EndReloadAssembly (973ms)
			LoadAssemblies (119ms)
			RebuildTransferFunctionScriptingTraits (0ms)
			SetupTypeCache (252ms)
			ReleaseScriptCaches (1ms)
			RebuildScriptCaches (59ms)
			SetupLoadedEditorAssemblies (495ms)
				LogAssemblyErrors (0ms)
				InitializePlatformSupportModulesInManaged (5ms)
				SetLoadedEditorAssemblies (1ms)
				RefreshPlugins (1ms)
				BeforeProcessingInitializeOnLoad (64ms)
				ProcessInitializeOnLoadAttributes (269ms)
				ProcessInitializeOnLoadMethodAttributes (154ms)
				AfterProcessingInitializeOnLoad (2ms)
				EditorAssembliesLoaded (0ms)
			ExecutionOrderSort2 (0ms)
			AwakeInstancesAfterBackupRestoration (5ms)
Platform modules already initialized, skipping
========================================================================
Worker process is ready to serve import requests
Launching external process: /Applications/Unity/Hub/Editor/2021.3.10f1/Unity.app/Contents/Tools/UnityShaderCompiler
Launched and connected shader compiler UnityShaderCompiler after 0.02 seconds
Refreshing native plugins compatible for Editor in 0.84 ms, found 2 plugins.
Preloading 0 native plugins for Editor in 0.00 ms.
Unloading 2488 Unused Serialized files (Serialized files now loaded: 0)
Unloading 81 unused Assets / (45.2 KB). Loaded Objects now: 2912.
Memory consumption went from 190.6 MB to 190.5 MB.
Total: 6.333829 ms (FindLiveObjects: 0.189591 ms CreateObjectMapping: 0.123596 ms MarkObjects: 5.918442 ms  DeleteObjects: 0.101515 ms)

AssetImportParameters requested are different than current active one (requested -> active):
  custom:video-decoder-ogg-theora: a1e56fd34408186e4bbccfd4996cb3dc -> 
  custom:container-muxer-webm: aa71ff27fc2769a1b78a27578f13a17b -> 
  custom:container-demuxer-webm: 4f35f7cbe854078d1ac9338744f61a02 -> 
  custom:video-encoder-webm-vp8: eb34c28f22e8b96e1ab97ce403110664 -> 
  custom:framework-osx-AVFoundation: e770b220cccbd017edd2c1fefb359320 -> 
  custom:audio-encoder-webm-vorbis: bf7c407c2cedff20999df2af8eb42d56 -> 
  custom:container-demuxer-ogg: 62fdf1f143b41e24485cea50d1cbac27 -> 
  custom:video-decoder-webm-vp8: 9c59270c3fd7afecdb556c50c9e8de78 -> 
  custom:audio-decoder-ogg-vorbis: bf7c407c2cedff20999df2af8eb42d56 -> 
========================================================================
Received Import Request.
  Time since last request: 991327.331293 seconds.
  path: Assets/PA1/Items
  artifactKey: Guid(d098b3946373d75498bdd6f3b16e5a1d) Importer(815301076,1909f56bfc062723c751e8b465ee728b)
Start importing Assets/PA1/Items using Guid(d098b3946373d75498bdd6f3b16e5a1d) Importer(815301076,1909f56bfc062723c751e8b465ee728b)  -> (artifact id: '7878415449c748ac2b496241f9d7100d') in 0.005283 seconds 
========================================================================
Received Import Request.
  Time since last request: 7.143173 seconds.
  path: Assets/PA1/Traps/Arrow/Idle (18x18).png
  artifactKey: Guid(fef604bfcb56de8428bc8fe948582e97) Importer(815301076,1909f56bfc062723c751e8b465ee728b)
Start importing Assets/PA1/Traps/Arrow/Idle (18x18).png using Guid(fef604bfcb56de8428bc8fe948582e97) Importer(815301076,1909f56bfc062723c751e8b465ee728b)  -> (artifact id: '2238016f136c5c69687065a0f77a2bbf') in 1.672852 seconds 
========================================================================
Received Import Request.
  Time since last request: 9.062272 seconds.
  path: Assets/PA1/Traps/Fire/Off.png
  artifactKey: Guid(5c1309b807ea514499aeefce17a0da77) Importer(815301076,1909f56bfc062723c751e8b465ee728b)
Start importing Assets/PA1/Traps/Fire/Off.png using Guid(5c1309b807ea514499aeefce17a0da77) Importer(815301076,1909f56bfc062723c751e8b465ee728b)  -> (artifact id: 'f6f4dad6a34ecf3593136368c631aee9') in 0.023458 seconds 
========================================================================
Received Import Request.
  Time since last request: 0.000068 seconds.
  path: Assets/PA1/Traps/Fire/On (16x32).png
  artifactKey: Guid(84747dc52d62ac34fa5ed28721074a5d) Importer(815301076,1909f56bfc062723c751e8b465ee728b)
Start importing Assets/PA1/Traps/Fire/On (16x32).png using Guid(84747dc52d62ac34fa5ed28721074a5d) Importer(815301076,1909f56bfc062723c751e8b465ee728b)  -> (artifact id: 'ae30045b353b98afa8883cd22a9a5cef') in 0.015859 seconds 
========================================================================
Received Import Request.
  Time since last request: 2.737097 seconds.
  path: Assets/PA1/Traps/Rock Head/Bottom Hit (42x42).png
  artifactKey: Guid(658aa3ab7af930c44bc6c3d4d4d7b0a1) Importer(815301076,1909f56bfc062723c751e8b465ee728b)
Start importing Assets/PA1/Traps/Rock Head/Bottom Hit (42x42).png using Guid(658aa3ab7af930c44bc6c3d4d4d7b0a1) Importer(815301076,1909f56bfc062723c751e8b465ee728b)  -> (artifact id: '11d38133185bbb2fd74af770b95700d7') in 0.027994 seconds 
========================================================================
Received Import Request.
  Time since last request: 0.000084 seconds.
  path: Assets/PA1/Traps/Rock Head/Right Hit (42x42).png
  artifactKey: Guid(34efef23533313841804fea9f39e26c8) Importer(815301076,1909f56bfc062723c751e8b465ee728b)
Start importing Assets/PA1/Traps/Rock Head/Right Hit (42x42).png using Guid(34efef23533313841804fea9f39e26c8) Importer(815301076,1909f56bfc062723c751e8b465ee728b)  -> (artifact id: '18d5b9dee4f2be7870e7781c7444d624') in 0.018259 seconds 
========================================================================
Received Import Request.
  Time since last request: 0.000075 seconds.
  path: Assets/PA1/Traps/Rock Head/Top Hit (42x42).png
  artifactKey: Guid(429242656b4090f4ca47ed9a00ee3e29) Importer(815301076,1909f56bfc062723c751e8b465ee728b)
Start importing Assets/PA1/Traps/Rock Head/Top Hit (42x42).png using Guid(429242656b4090f4ca47ed9a00ee3e29) Importer(815301076,1909f56bfc062723c751e8b465ee728b)  -> (artifact id: 'bd3e6d871847f5b66954ce0f24a3beb5') in 0.019641 seconds 
========================================================================
Received Import Request.
  Time since last request: 1.530342 seconds.
  path: Assets/PA1/Traps/Saw/Off.png
  artifactKey: Guid(b5fc78d1dba7fc44e9e9340d7419e58d) Importer(815301076,1909f56bfc062723c751e8b465ee728b)
Start importing Assets/PA1/Traps/Saw/Off.png using Guid(b5fc78d1dba7fc44e9e9340d7419e58d) Importer(815301076,1909f56bfc062723c751e8b465ee728b)  -> (artifact id: 'd71674c5b86fd75ef6f0e7fd441ca4ba') in 0.018960 seconds 
========================================================================
Received Import Request.
  Time since last request: 0.541625 seconds.
  path: Assets/PA1/Traps/Sand Mud Ice/Mud Particle.png
  artifactKey: Guid(ab105c32c3302104091064f5fcfefa1d) Importer(815301076,1909f56bfc062723c751e8b465ee728b)
Start importing Assets/PA1/Traps/Sand Mud Ice/Mud Particle.png using Guid(ab105c32c3302104091064f5fcfefa1d) Importer(815301076,1909f56bfc062723c751e8b465ee728b)  -> (artifact id: '64ffd6e092389b8e5235eadca9795a5e') in 0.014391 seconds 
========================================================================
Received Import Request.
  Time since last request: 0.000067 seconds.
  path: Assets/PA1/Traps/Sand Mud Ice/Sand Particle.png
  artifactKey: Guid(f3218a524e3f16345b1a21d99dd7dbfa) Importer(815301076,1909f56bfc062723c751e8b465ee728b)
Start importing Assets/PA1/Traps/Sand Mud Ice/Sand Particle.png using Guid(f3218a524e3f16345b1a21d99dd7dbfa) Importer(815301076,1909f56bfc062723c751e8b465ee728b)  -> (artifact id: 'b62689fd0418f6834238142d16e1ee36') in 0.020804 seconds 
========================================================================
Received Import Request.
  Time since last request: 1.023614 seconds.
  path: Assets/PA1/Traps/Spike Head/Idle.png
  artifactKey: Guid(7f4bd5752424af24ab35566236218495) Importer(815301076,1909f56bfc062723c751e8b465ee728b)
Start importing Assets/PA1/Traps/Spike Head/Idle.png using Guid(7f4bd5752424af24ab35566236218495) Importer(815301076,1909f56bfc062723c751e8b465ee728b)  -> (artifact id: '3849e4fef1ce595304ee1689a93b991e') in 0.023341 seconds 
========================================================================
Received Import Request.
  Time since last request: 0.000079 seconds.
  path: Assets/PA1/Traps/Spike Head/Right Hit (54x52).png
  artifactKey: Guid(caf06bf2dd7f423468542b00ecf12a84) Importer(815301076,1909f56bfc062723c751e8b465ee728b)
Start importing Assets/PA1/Traps/Spike Head/Right Hit (54x52).png using Guid(caf06bf2dd7f423468542b00ecf12a84) Importer(815301076,1909f56bfc062723c751e8b465ee728b)  -> (artifact id: 'ff9575a1fa6d06b463874c1426f25dde') in 0.023838 seconds 
========================================================================
Received Import Request.
  Time since last request: 0.598811 seconds.
  path: Assets/PA1/Traps/Spiked Ball/Spiked Ball.png
  artifactKey: Guid(88b0364002bcee04fa7bc5b6806f2c80) Importer(815301076,1909f56bfc062723c751e8b465ee728b)
Start importing Assets/PA1/Traps/Spiked Ball/Spiked Ball.png using Guid(88b0364002bcee04fa7bc5b6806f2c80) Importer(815301076,1909f56bfc062723c751e8b465ee728b)  -> (artifact id: '156c1c930fe00e6b96ae55571123b20a') in 0.022081 seconds 
========================================================================
Received Import Request.
  Time since last request: 4.325186 seconds.
  path: Assets/PA1/Traps/Platforms/Chain.png
  artifactKey: Guid(f8eedbeab4df43e48a87591da2999185) Importer(815301076,1909f56bfc062723c751e8b465ee728b)
Start importing Assets/PA1/Traps/Platforms/Chain.png using Guid(f8eedbeab4df43e48a87591da2999185) Importer(815301076,1909f56bfc062723c751e8b465ee728b)  -> (artifact id: '0934de6b15869dcd7c3d27557398e4d3') in 0.026274 seconds 
========================================================================
Received Import Request.
  Time since last request: 0.000089 seconds.
  path: Assets/PA1/Traps/Platforms/Grey On (32x8).png
  artifactKey: Guid(bc869fda20af9714f8e4df27ec2c906c) Importer(815301076,1909f56bfc062723c751e8b465ee728b)
Start importing Assets/PA1/Traps/Platforms/Grey On (32x8).png using Guid(bc869fda20af9714f8e4df27ec2c906c) Importer(815301076,1909f56bfc062723c751e8b465ee728b)  -> (artifact id: '116cec40f72c37f37b3377e082614c08') in 0.013580 seconds 
========================================================================
Received Import Request.
  Time since last request: 3.102030 seconds.
  path: Assets/PA1/Traps/Blocks/Idle.png
  artifactKey: Guid(ccb1bdf5acc88654e91887a157b64f34) Importer(815301076,1909f56bfc062723c751e8b465ee728b)
Start importing Assets/PA1/Traps/Blocks/Idle.png using Guid(ccb1bdf5acc88654e91887a157b64f34) Importer(815301076,1909f56bfc062723c751e8b465ee728b)  -> (artifact id: '3f3963b4c375e118a2a4e2f844ca7ccd') in 0.025719 seconds 
========================================================================
Received Import Request.
  Time since last request: 0.000082 seconds.
  path: Assets/PA1/Traps/Blocks/Part 2 (22x22).png
  artifactKey: Guid(709dc360a5875e345b9d0ebb90e63290) Importer(815301076,1909f56bfc062723c751e8b465ee728b)
Start importing Assets/PA1/Traps/Blocks/Part 2 (22x22).png using Guid(709dc360a5875e345b9d0ebb90e63290) Importer(815301076,1909f56bfc062723c751e8b465ee728b)  -> (artifact id: 'ef790fca0c5eaefb0525e26acde8c0bd') in 0.017802 seconds 
Editor requested this worker to shutdown with reason: Scaling down because of idle timeout
AssetImportWorker is now disconnected from the server
Process exiting
